<?xml version="1.0" encoding="UTF-8"?>
<!-- Generated by org.testng.reporters.JUnitXMLReporter -->
<testsuite hostname="lenovo" name="Command line test" tests="4" failures="0" timestamp="29 Oct 2016 20:39:45 GMT" time="89.941" errors="0">
  <testcase name="changePasswordTest" time="32.693" classname="com.qtpselenium.facebook.pom.testcases.ChangePasswordTest"/>
  <testcase name="loginTest" time="17.273" classname="com.qtpselenium.facebook.pom.testcases.LoginTest"/>
  <testcase name="loginTest" time="19.181" classname="com.qtpselenium.facebook.pom.testcases.LoginTest"/>
  <testcase name="profileTest" time="18.342" classname="com.qtpselenium.facebook.pom.testcases.ProfileTest"/>
</testsuite> <!-- Command line test -->
