<?xml version="1.0" encoding="UTF-8" ?>
<testsuite failures="0" time="87.481" errors="0" skipped="0" tests="4" name="TestSuite">
  <properties>
[...]
</properties>
  <testcase time="32.687" classname="com.qtpselenium.facebook.pom.testcases.ChangePasswordTest" name="changePasswordTest"/>
  <testcase time="17.272" classname="com.qtpselenium.facebook.pom.testcases.LoginTest" name="loginTest"/>
  <testcase time="19.181" classname="com.qtpselenium.facebook.pom.testcases.LoginTest" name="loginTest"/>
  <testcase time="18.341" classname="com.qtpselenium.facebook.pom.testcases.ProfileTest" name="profileTest"/>
</testsuite>